Removed Pin From Net: NetName=CPU_TXD Pin=U6-42
Added Component: Designator=P10(HDR1X4)
Add component. Clean all parameters for all variants
Add component (AddParameter): Name = "LatestRevisionDate"; Value = "17-Jul-2002"; VariantName = "[No Variations]"
Add component (AddParameter): Name = "LatestRevisionNote"; Value = "Re-released for DXP Platform."; VariantName = "[No Variations]"
Add component (AddParameter): Name = "Publisher"; Value = "Altium Limited"; VariantName = "[No Variations]"
Added Pin To Net: NetName=VCC Pin=P10-1
Added Pin To Net: NetName=GND Pin=P10-2
Added Pin To Net: NetName=CPU_TXD Pin=P10-4
Change Net Name : Old Net Name=CPU_TXD New Net Name=UART5TX
Added Pin To Net: NetName=UART5_RX Pin=P10-3
Added Pin To Net: NetName=UART5_RX Pin=U6-54
Added Net: Name=UART5_RX
Added Pin To Net: NetName=UART5_TX Pin=U6-53
Added Net: Name=UART5_TX
Added Member To Class: ClassName=Main System Member=Component P10 CEK_DATA
Added Room: Name=Communication
Added Room: Name=Dynamixel Power
Added Room: Name=IMU Sensor
Added Room: Name=Main System
Added Room: Name=Power Conversion
