Removed Pin From Net: NetName=TTL_DATA Pin=EF1-5
Added Component: Designator=R24(0603-RES)
Add component. Clean all parameters for all variants
Add component (AddParameter): Name = "LatestRevisionDate"; Value = "17-Jul-2002"; VariantName = "[No Variations]"
Add component (AddParameter): Name = "LatestRevisionNote"; Value = "Re-released for DXP Platform."; VariantName = "[No Variations]"
Add component (AddParameter): Name = "PackageDescription"; Value = "Axial Device, Thru-Hole; 2 Leads; 0.3 in Pin Spacing"; VariantName = "[No Variations]"
Add component (AddParameter): Name = "PackageReference"; Value = "AXIAL-0.3"; VariantName = "[No Variations]"
Add component (AddParameter): Name = "Published"; Value = "8-Jun-2000"; VariantName = "[No Variations]"
Add component (AddParameter): Name = "Publisher"; Value = "Altium Limited"; VariantName = "[No Variations]"
Add component (AddParameter): Name = "Value"; Value = "1K"; VariantName = "[No Variations]"
Added Pin To Net: NetName=TTL_DATA Pin=R24-2
Added Pin To Net: NetName=NetEF1_5 Pin=EF1-5
Added Pin To Net: NetName=NetEF1_5 Pin=R24-1
Added Net: Name=NetEF1_5
Added Member To Class: ClassName=Communication Member=Component R24 Res
Added Member To Class: ClassName=Communication Member=Component U4 74HC126D
Added Member To Class: ClassName=Power Conversion Member=Component U4 Regulator 3V3
Added Room: Name=Communication
Added Room: Name=Dynamixel Power
Added Room: Name=IMU Sensor
Added Room: Name=Main System
Added Room: Name=Power Conversion
